# JRE version: Java(TM) SE Runtime Environment (7.0_67-b01) (build 1.7.0_67-b01)
# Java VM: Java HotSpot(TM) 64-Bit Server VM (24.65-b04 mixed mode windows-amd64 compressed oops)
Heap
 PSYoungGen      total 73728K, used 32868K [0x00000007ac000000, 0x00000007b2b80000, 0x0000000800000000)
  eden space 62976K, 35% used [0x00000007ac000000,0x00000007ad59e120,0x00000007afd80000)
  from space 10752K, 99% used [0x00000007aff00000,0x00000007b097b0e0,0x00000007b0980000)
  to   space 23552K, 0% used [0x00000007b1480000,0x00000007b1480000,0x00000007b2b80000)
 ParOldGen       total 172032K, used 23001K [0x0000000704000000, 0x000000070e800000, 0x00000007ac000000)
  object space 172032K, 13% used [0x0000000704000000,0x00000007056765d0,0x000000070e800000)
 PSPermGen       total 43008K, used 42609K [0x00000006fee00000, 0x0000000701800000, 0x0000000704000000)
  object space 43008K, 99% used [0x00000006fee00000,0x000000070179c508,0x0000000701800000)
GC Heap History (10 events):
Event: 13.113 GC heap before
{Heap before GC invocations=1 (full 0):
 PSYoungGen      total 75264K, used 64512K [0x00000007ac000000, 0x00000007b1400000, 0x0000000800000000)
  eden space 64512K, 100% used [0x00000007ac000000,0x00000007aff00000,0x00000007aff00000)
  from space 10752K, 0% used [0x00000007b0980000,0x00000007b0980000,0x00000007b1400000)
  to   space 10752K, 0% used [0x00000007aff00000,0x00000007aff00000,0x00000007b0980000)
 ParOldGen       total 172032K, used 0K [0x0000000704000000, 0x000000070e800000, 0x00000007ac000000)
  object space 172032K, 0% used [0x0000000704000000,0x0000000704000000,0x000000070e800000)
 PSPermGen       total 21504K, used 10682K [0x00000006fee00000, 0x0000000700300000, 0x0000000704000000)
  object space 21504K, 49% used [0x00000006fee00000,0x00000006ff86ea48,0x0000000700300000)
Event: 13.129 GC heap after
Heap after GC invocations=1 (full 0):
 PSYoungGen      total 75264K, used 10742K [0x00000007ac000000, 0x00000007b1400000, 0x0000000800000000)
  eden space 64512K, 0% used [0x00000007ac000000,0x00000007ac000000,0x00000007aff00000)
  from space 10752K, 99% used [0x00000007aff00000,0x00000007b097d810,0x00000007b0980000)
  to   space 10752K, 0% used [0x00000007b0980000,0x00000007b0980000,0x00000007b1400000)
 ParOldGen       total 172032K, used 658K [0x0000000704000000, 0x000000070e800000, 0x00000007ac000000)
  object space 172032K, 0% used [0x0000000704000000,0x00000007040a4948,0x000000070e800000)
 PSPermGen       total 21504K, used 10682K [0x00000006fee00000, 0x0000000700300000, 0x0000000704000000)
  object space 21504K, 49% used [0x00000006fee00000,0x00000006ff86ea48,0x0000000700300000)
}
Event: 17.929 GC heap before
{Heap before GC invocations=2 (full 0):
 PSYoungGen      total 75264K, used 75240K [0x00000007ac000000, 0x00000007b1400000, 0x0000000800000000)
  eden space 64512K, 99% used [0x00000007ac000000,0x00000007afefcac8,0x00000007aff00000)
  from space 10752K, 99% used [0x00000007aff00000,0x00000007b097d810,0x00000007b0980000)
  to   space 10752K, 0% used [0x00000007b0980000,0x00000007b0980000,0x00000007b1400000)
 ParOldGen       total 172032K, used 658K [0x0000000704000000, 0x000000070e800000, 0x00000007ac000000)
  object space 172032K, 0% used [0x0000000704000000,0x00000007040a4948,0x000000070e800000)
 PSPermGen       total 26624K, used 26491K [0x00000006fee00000, 0x0000000700800000, 0x0000000704000000)
  object space 26624K, 99% used [0x00000006fee00000,0x00000007007dec00,0x0000000700800000)
Event: 17.963 GC heap after
Heap after GC invocations=2 (full 0):
 PSYoungGen      total 75264K, used 10739K [0x00000007ac000000, 0x00000007b1400000, 0x0000000800000000)
  eden space 64512K, 0% used [0x00000007ac000000,0x00000007ac000000,0x00000007aff00000)
  from space 10752K, 99% used [0x00000007b0980000,0x00000007b13fcef8,0x00000007b1400000)
  to   space 10752K, 0% used [0x00000007aff00000,0x00000007aff00000,0x00000007b0980000)
 ParOldGen       total 172032K, used 10737K [0x0000000704000000, 0x000000070e800000, 0x00000007ac000000)
  object space 172032K, 6% used [0x0000000704000000,0x0000000704a7c7e8,0x000000070e800000)
 PSPermGen       total 26624K, used 26491K [0x00000006fee00000, 0x0000000700800000, 0x0000000704000000)
  object space 26624K, 99% used [0x00000006fee00000,0x00000007007dec00,0x0000000700800000)
}
Event: 19.480 GC heap before
{Heap before GC invocations=3 (full 0):
 PSYoungGen      total 75264K, used 75251K [0x00000007ac000000, 0x00000007b1400000, 0x0000000800000000)
  eden space 64512K, 100% used [0x00000007ac000000,0x00000007aff00000,0x00000007aff00000)
  from space 10752K, 99% used [0x00000007b0980000,0x00000007b13fcef8,0x00000007b1400000)
  to   space 10752K, 0% used [0x00000007aff00000,0x00000007aff00000,0x00000007b0980000)
 ParOldGen       total 172032K, used 10737K [0x0000000704000000, 0x000000070e800000, 0x00000007ac000000)
  object space 172032K, 6% used [0x0000000704000000,0x0000000704a7c7e8,0x000000070e800000)
 PSPermGen       total 27136K, used 27119K [0x00000006fee00000, 0x0000000700880000, 0x0000000704000000)
  object space 27136K, 99% used [0x00000006fee00000,0x000000070087bc78,0x0000000700880000)
Event: 19.497 GC heap after
Heap after GC invocations=3 (full 0):
 PSYoungGen      total 75264K, used 10017K [0x00000007ac000000, 0x00000007b1400000, 0x0000000800000000)
  eden space 64512K, 0% used [0x00000007ac000000,0x00000007ac000000,0x00000007aff00000)
  from space 10752K, 93% used [0x00000007aff00000,0x00000007b08c8440,0x00000007b0980000)
  to   space 10752K, 0% used [0x00000007b0980000,0x00000007b0980000,0x00000007b1400000)
 ParOldGen       total 172032K, used 10745K [0x0000000704000000, 0x000000070e800000, 0x00000007ac000000)
  object space 172032K, 6% used [0x0000000704000000,0x0000000704a7e7e8,0x000000070e800000)
 PSPermGen       total 27136K, used 27119K [0x00000006fee00000, 0x0000000700880000, 0x0000000704000000)
  object space 27136K, 99% used [0x00000006fee00000,0x000000070087bc78,0x0000000700880000)
}
Event: 26.660 GC heap before
{Heap before GC invocations=4 (full 0):
 PSYoungGen      total 75264K, used 74529K [0x00000007ac000000, 0x00000007b1400000, 0x0000000800000000)
  eden space 64512K, 100% used [0x00000007ac000000,0x00000007aff00000,0x00000007aff00000)
  from space 10752K, 93% used [0x00000007aff00000,0x00000007b08c8440,0x00000007b0980000)
  to   space 10752K, 0% used [0x00000007b0980000,0x00000007b0980000,0x00000007b1400000)
 ParOldGen       total 172032K, used 10745K [0x0000000704000000, 0x000000070e800000, 0x00000007ac000000)
  object space 172032K, 6% used [0x0000000704000000,0x0000000704a7e7e8,0x000000070e800000)
 PSPermGen       total 37376K, used 37345K [0x00000006fee00000, 0x0000000701280000, 0x0000000704000000)
  object space 37376K, 99% used [0x00000006fee00000,0x00000007012785b8,0x0000000701280000)
Event: 26.685 GC heap after
Heap after GC invocations=4 (full 0):
 PSYoungGen      total 75264K, used 10739K [0x00000007ac000000, 0x00000007b1400000, 0x0000000800000000)
  eden space 64512K, 0% used [0x00000007ac000000,0x00000007ac000000,0x00000007aff00000)
  from space 10752K, 99% used [0x00000007b0980000,0x00000007b13fcf18,0x00000007b1400000)
  to   space 10752K, 0% used [0x00000007aff00000,0x00000007aff00000,0x00000007b0980000)
 ParOldGen       total 172032K, used 19106K [0x0000000704000000, 0x000000070e800000, 0x00000007ac000000)
  object space 172032K, 11% used [0x0000000704000000,0x00000007052a88a0,0x000000070e800000)
 PSPermGen       total 37376K, used 37345K [0x00000006fee00000, 0x0000000701280000, 0x0000000704000000)
  object space 37376K, 99% used [0x00000006fee00000,0x00000007012785b8,0x0000000701280000)
}
Event: 228.250 GC heap before
{Heap before GC invocations=5 (full 0):
 PSYoungGen      total 75264K, used 75251K [0x00000007ac000000, 0x00000007b1400000, 0x0000000800000000)
  eden space 64512K, 100% used [0x00000007ac000000,0x00000007aff00000,0x00000007aff00000)
  from space 10752K, 99% used [0x00000007b0980000,0x00000007b13fcf18,0x00000007b1400000)
  to   space 10752K, 0% used [0x00000007aff00000,0x00000007aff00000,0x00000007b0980000)
 ParOldGen       total 172032K, used 19106K [0x0000000704000000, 0x000000070e800000, 0x00000007ac000000)
  object space 172032K, 11% used [0x0000000704000000,0x00000007052a88a0,0x000000070e800000)
 PSPermGen       total 42496K, used 42307K [0x00000006fee00000, 0x0000000701780000, 0x0000000704000000)
  object space 42496K, 99% used [0x00000006fee00000,0x0000000701750cb8,0x0000000701780000)
Event: 228.279 GC heap after
Heap after GC invocations=5 (full 0):
 PSYoungGen      total 73728K, used 10732K [0x00000007ac000000, 0x00000007b2b80000, 0x0000000800000000)
  eden space 62976K, 0% used [0x00000007ac000000,0x00000007ac000000,0x00000007afd80000)
  from space 10752K, 99% used [0x00000007aff00000,0x00000007b097b0e0,0x00000007b0980000)
  to   space 23552K, 0% used [0x00000007b1480000,0x00000007b1480000,0x00000007b2b80000)
 ParOldGen       total 172032K, used 23001K [0x0000000704000000, 0x000000070e800000, 0x00000007ac000000)
  object space 172032K, 13% used [0x0000000704000000,0x00000007056765d0,0x000000070e800000)
 PSPermGen       total 42496K, used 42307K [0x00000006fee00000, 0x0000000701780000, 0x0000000704000000)
  object space 42496K, 99% used [0x00000006fee00000,0x0000000701750cb8,0x0000000701780000)
}

